# JRE version: OpenJDK Runtime Environment Temurin-21.0.3+9 (21.0.3+9) (build 21.0.3+9-LTS)
# Java VM: OpenJDK 64-Bit Server VM Temurin-21.0.3+9 (21.0.3+9-LTS, mixed mode, sharing, tiered, compressed oops, compressed class ptrs, g1 gc, windows-amd64)
GC Precious Log:
 CardTable entry size: 512
 Card Set container configuration: InlinePtr #cards 5 size 8 Array Of Cards #cards 12 size 40 Howl #buckets 4 coarsen threshold 1843 Howl Bitmap #cards 512 size 80 coarsen threshold 460 Card regions per heap region 1 cards per card region 2048
 CPUs: 8 total, 8 available
 Memory: 16075M
 Large Page Support: Disabled
 NUMA Support: Disabled
 Compressed Oops: Enabled (32-bit)
 Heap Region Size: 1M
 Heap Min Capacity: 256M
 Heap Initial Capacity: 256M
 Heap Max Capacity: 512M
 Pre-touch: Disabled
 Parallel Workers: 8
 Concurrent Workers: 2
 Concurrent Refinement Workers: 8
 Periodic GC: Disabled
Heap:
 garbage-first heap   total 262144K, used 33240K [0x00000000e0000000, 0x0000000100000000)
  region size 1024K, 9 young (9216K), 7 survivors (7168K)
 Metaspace       used 35105K, committed 36352K, reserved 393216K
  class space    used 5084K, committed 5696K, reserved 327680K
GC Heap History (10 events):
Event: 0.759 GC heap before
{Heap before GC invocations=0 (full 0):
 garbage-first heap   total 262144K, used 26624K [0x00000000e0000000, 0x0000000100000000)
  region size 1024K, 23 young (23552K), 0 survivors (0K)
 Metaspace       used 2197K, committed 2368K, reserved 393216K
  class space    used 241K, committed 320K, reserved 327680K
}
Event: 0.765 GC heap after
{Heap after GC invocations=1 (full 0):
 garbage-first heap   total 262144K, used 10792K [0x00000000e0000000, 0x0000000100000000)
  region size 1024K, 3 young (3072K), 3 survivors (3072K)
 Metaspace       used 2197K, committed 2368K, reserved 393216K
  class space    used 241K, committed 320K, reserved 327680K
}
Event: 1.307 GC heap before
{Heap before GC invocations=1 (full 0):
 garbage-first heap   total 262144K, used 39464K [0x00000000e0000000, 0x0000000100000000)
  region size 1024K, 31 young (31744K), 3 survivors (3072K)
 Metaspace       used 4166K, committed 4416K, reserved 393216K
  class space    used 517K, committed 640K, reserved 327680K
}
Event: 1.312 GC heap after
{Heap after GC invocations=2 (full 0):
 garbage-first heap   total 262144K, used 12132K [0x00000000e0000000, 0x0000000100000000)
  region size 1024K, 2 young (2048K), 2 survivors (2048K)
 Metaspace       used 4166K, committed 4416K, reserved 393216K
  class space    used 517K, committed 640K, reserved 327680K
}
Event: 3.660 GC heap before
{Heap before GC invocations=2 (full 0):
 garbage-first heap   total 262144K, used 128868K [0x00000000e0000000, 0x0000000100000000)
  region size 1024K, 116 young (118784K), 2 survivors (2048K)
 Metaspace       used 20893K, committed 21504K, reserved 393216K
  class space    used 3026K, committed 3328K, reserved 327680K
}
Event: 3.676 GC heap after
{Heap after GC invocations=3 (full 0):
 garbage-first heap   total 262144K, used 24197K [0x00000000e0000000, 0x0000000100000000)
  region size 1024K, 12 young (12288K), 12 survivors (12288K)
 Metaspace       used 20893K, committed 21504K, reserved 393216K
  class space    used 3026K, committed 3328K, reserved 327680K
}
Event: 5.652 GC heap before
{Heap before GC invocations=4 (full 0):
 garbage-first heap   total 262144K, used 112261K [0x00000000e0000000, 0x0000000100000000)
  region size 1024K, 100 young (102400K), 12 survivors (12288K)
 Metaspace       used 34819K, committed 35968K, reserved 393216K
  class space    used 5053K, committed 5632K, reserved 327680K
}
Event: 5.667 GC heap after
{Heap after GC invocations=5 (full 0):
 garbage-first heap   total 262144K, used 30905K [0x00000000e0000000, 0x0000000100000000)
  region size 1024K, 7 young (7168K), 7 survivors (7168K)
 Metaspace       used 34819K, committed 35968K, reserved 393216K
  class space    used 5053K, committed 5632K, reserved 327680K
}
Event: 5.692 GC heap before
{Heap before GC invocations=5 (full 0):
 garbage-first heap   total 262144K, used 31929K [0x00000000e0000000, 0x0000000100000000)
  region size 1024K, 9 young (9216K), 7 survivors (7168K)
 Metaspace       used 35086K, committed 36288K, reserved 393216K
  class space    used 5083K, committed 5696K, reserved 327680K
}
Event: 5.699 GC heap after
{Heap after GC invocations=6 (full 0):
 garbage-first heap   total 262144K, used 32216K [0x00000000e0000000, 0x0000000100000000)
  region size 1024K, 7 young (7168K), 7 survivors (7168K)
 Metaspace       used 35086K, committed 36288K, reserved 393216K
  class space    used 5083K, committed 5696K, reserved 327680K
}

